<?xml version="1.0" encoding="UTF-8"?>
<!-- Generated by org.testng.reporters.JUnitReportReporter -->
<testsuite hostname="ddc5-lx-62CXD63" failures="0" tests="2" name="RestAssured.PutMethod" time="4.202" errors="0" timestamp="2022-06-23T10:44:48 IST" skipped="0">
  <testcase classname="RestAssured.PutMethod" name="Testcase2" time="0.607"/>
  <system-out/>
  <testcase classname="RestAssured.PutMethod" name="TestCase1" time="3.595"/>
  <system-out/>
</testsuite> <!-- RestAssured.PutMethod -->
