<?xml version="1.0" encoding="UTF-8"?>
<!-- Generated by org.testng.reporters.JUnitReportReporter -->
<testsuite hostname="ddc5-lx-62CXD63" failures="0" tests="1" name="RestAssured.StudentGet" time="3.250" errors="0" timestamp="2022-06-23T18:36:57 IST" skipped="0">
  <testcase classname="RestAssured.StudentGet" name="TestCase1" time="3.250"/>
  <system-out/>
</testsuite> <!-- RestAssured.StudentGet -->
