<?xml version="1.0" encoding="UTF-8"?>
<!-- Generated by org.testng.reporters.JUnitReportReporter -->
<testsuite hostname="ddc5-lx-62CXD63" failures="0" tests="1" name="RestAssured.ExtractMethod" time="1.993" errors="0" timestamp="2022-06-24T09:59:52 IST" skipped="0">
  <testcase classname="RestAssured.ExtractMethod" name="TestCase" time="1.993"/>
  <system-out/>
</testsuite> <!-- RestAssured.ExtractMethod -->
