<?xml version="1.0" encoding="UTF-8"?>
<!-- Generated by org.testng.reporters.JUnitReportReporter -->
<testsuite hostname="ddc5-lx-62CXD63" failures="0" tests="1" name="RestAssured.StudentPut" time="2.338" errors="0" timestamp="2022-06-23T18:33:05 IST" skipped="0">
  <testcase classname="RestAssured.StudentPut" name="TestCase1" time="2.338"/>
  <system-out/>
</testsuite> <!-- RestAssured.StudentPut -->
