<?xml version="1.0" encoding="UTF-8"?>
<!-- Generated by org.testng.reporters.JUnitReportReporter -->
<testsuite hostname="ddc5-lx-62CXD63" failures="0" tests="1" name="RestAssured.StudentDelete" time="1.690" errors="0" timestamp="2022-06-23T19:55:52 IST" skipped="0">
  <testcase classname="RestAssured.StudentDelete" name="TestCase1" time="1.690"/>
  <system-out/>
</testsuite> <!-- RestAssured.StudentDelete -->
