<?xml version="1.0" encoding="UTF-8"?>
<!-- Generated by org.testng.reporters.JUnitReportReporter -->
<testsuite hostname="ddc5-lx-62CXD63" failures="0" tests="1" name="RestAssured.DeleteMethod" time="3.909" errors="0" timestamp="2022-06-23T10:49:28 IST" skipped="0">
  <testcase classname="RestAssured.DeleteMethod" name="TestCase1" time="3.909"/>
  <system-out/>
</testsuite> <!-- RestAssured.DeleteMethod -->
