<?xml version="1.0" encoding="UTF-8"?>
<!-- Generated by org.testng.reporters.JUnitReportReporter -->
<testsuite hostname="ddc5-lx-62CXD63" failures="0" tests="2" name="RestAssured.StudentPost" time="2.875" errors="0" timestamp="2022-06-23T18:36:04 IST" skipped="0">
  <testcase classname="RestAssured.StudentPost" name="TestCase1" time="2.823"/>
  <system-out/>
  <testcase classname="RestAssured.StudentPost" name="TestCase2" time="0.052"/>
  <system-out/>
</testsuite> <!-- RestAssured.StudentPost -->
